<?xml version="1.0" encoding="UTF-8"?>
<!-- Generated by org.testng.reporters.JUnitReportReporter -->
<testsuite hostname="DESKTOP-JQPL294" failures="0" tests="1" name="MavenSelenium.Test_WindowHandle" time="40.999" errors="0" timestamp="2025-02-12T16:20:33 IST" skipped="0">
  <testcase classname="MavenSelenium.Test_WindowHandle" name="muiltipleWindowHandle" time="40.999"/>
</testsuite> <!-- MavenSelenium.Test_WindowHandle -->
